<?xml version="1.0" encoding="UTF-8"?>
<!-- Generated by org.testng.reporters.JUnitReportReporter -->
<testsuite skipped="0" hostname="ASDW0016" name="com.qait.MavenDemo.HRIS_POM.HrisTestPom" tests="1" failures="0" timestamp="02 Jul 2018 12:53:10 GMT" time="1.530" errors="0">
  <testcase name="Test15ForgotPwd" time="1.530" classname="com.qait.MavenDemo.HRIS_POM.HrisTestPom"/>
</testsuite> <!-- com.qait.MavenDemo.HRIS_POM.HrisTestPom -->
